<?xml version="1.0" encoding="UTF-8"?>
<!-- Generated by org.testng.reporters.JUnitReportReporter -->
<testsuite skipped="0" hostname="apples-MBP-2" name="com.honeywell.team1.HoneywellTeam1.alphatest.PetTests" tests="2" failures="0" timestamp="08 Apr 2017 10:17:18 GMT" time="2.261" errors="0">
  <testcase name="addNewPetPost" time="0.825" classname="com.honeywell.team1.HoneywellTeam1.alphatest.PetTests"/>
  <testcase name="updatePetPut" time="1.436" classname="com.honeywell.team1.HoneywellTeam1.alphatest.PetTests"/>
</testsuite> <!-- com.honeywell.team1.HoneywellTeam1.alphatest.PetTests -->
