<?xml version="1.0" encoding="UTF-8"?>
<!-- Generated by org.testng.reporters.JUnitReportReporter -->
<testsuite skipped="0" hostname="IE3BLT1DDT6C2" name="com.honeywell.team1.HoneywellTeam1.alphatest.PetTests" tests="2" failures="0" timestamp="08 Apr 2017 09:06:59 GMT" time="3.161" errors="0">
  <testcase name="addNewPetPost" time="1.966" classname="com.honeywell.team1.HoneywellTeam1.alphatest.PetTests"/>
  <testcase name="updatePetPut" time="1.195" classname="com.honeywell.team1.HoneywellTeam1.alphatest.PetTests"/>
</testsuite> <!-- com.honeywell.team1.HoneywellTeam1.alphatest.PetTests -->
